<?xml version="1.0" encoding="UTF-8"?>
<testng-results ignored="0" total="2" passed="2" failed="0" skipped="0">
  <reporter-output>
  </reporter-output>
  <suite started-at="2024-12-14T23:04:12 IST" name="Suite" finished-at="2024-12-14T23:08:21 IST" duration-ms="248209">
    <groups>
    </groups>
    <test started-at="2024-12-14T23:04:12 IST" name="SmokeSuite" finished-at="2024-12-14T23:08:21 IST" duration-ms="248209">
      <class name="Demo1.SmokeSuite.AmazonTestSuite">
        <test-method is-config="true" signature="Setup()[pri:0, instance:Demo1.SmokeSuite.AmazonTestSuite@61710c6]" started-at="2024-12-14T23:04:13 IST" name="Setup" finished-at="2024-12-14T23:06:49 IST" duration-ms="156766" status="PASS">
          <reporter-output>
          </reporter-output>
        </test-method> <!-- Setup -->
        <test-method signature="ChangeCountryTest()[pri:0, instance:Demo1.SmokeSuite.AmazonTestSuite@61710c6]" started-at="2024-12-14T23:06:50 IST" name="ChangeCountryTest" finished-at="2024-12-14T23:07:17 IST" duration-ms="26912" status="PASS">
          <reporter-output>
          </reporter-output>
        </test-method> <!-- ChangeCountryTest -->
        <test-method signature="AddToCartTest()[pri:0, instance:Demo1.SmokeSuite.AmazonTestSuite@61710c6]" started-at="2024-12-14T23:07:17 IST" name="AddToCartTest" finished-at="2024-12-14T23:08:00 IST" duration-ms="43836" status="PASS">
          <reporter-output>
          </reporter-output>
        </test-method> <!-- AddToCartTest -->
        <test-method is-config="true" signature="closeBrowser()[pri:0, instance:Demo1.SmokeSuite.AmazonTestSuite@61710c6]" started-at="2024-12-14T23:08:00 IST" name="closeBrowser" finished-at="2024-12-14T23:08:21 IST" duration-ms="20241" status="PASS">
          <reporter-output>
          </reporter-output>
        </test-method> <!-- closeBrowser -->
      </class> <!-- Demo1.SmokeSuite.AmazonTestSuite -->
    </test> <!-- SmokeSuite -->
  </suite> <!-- Suite -->
</testng-results>
